<?xml version="1.0" encoding="UTF-8"?>
<!-- Generated by org.testng.reporters.JUnitReportReporter -->
<testsuite hostname="DESKTOP-LT0EJK3" failures="0" tests="2" name="Steps.Cs6Extent" time="15.113" errors="0" timestamp="24 May 2021 05:42:41 GMT" skipped="0">
  <testcase classname="Steps.Cs6Extent" name="navigation" time="12.169"/>
  <testcase classname="Steps.Cs6Extent" name="nav" time="2.944"/>
</testsuite> <!-- Steps.Cs6Extent -->
